make clean
make[1]: Entering directory '/home/srz/pku_class/jos/lab'
rm -rf obj .gdbinit jos.in qemu.log
make[1]: Leaving directory '/home/srz/pku_class/jos/lab'
./grade-lab3 
make[1]: Entering directory '/home/srz/pku_class/jos/lab'
+ as kern/entry.S
+ cc kern/entrypgdir.c
+ cc kern/init.c
+ cc kern/console.c
+ cc kern/monitor.c
+ cc kern/pmap.c
+ cc kern/env.c
+ cc kern/kclock.c
+ cc kern/printf.c
+ cc kern/trap.c
+ as kern/trapentry.S
+ cc kern/syscall.c
+ cc kern/kdebug.c
+ cc lib/printfmt.c
+ cc lib/readline.c
+ cc lib/string.c
+ cc[USER] lib/console.c
+ cc[USER] lib/libmain.c
+ cc[USER] lib/exit.c
+ cc[USER] lib/panic.c
+ cc[USER] lib/printf.c
+ cc[USER] lib/printfmt.c
+ cc[USER] lib/readline.c
+ cc[USER] lib/string.c
+ cc[USER] lib/syscall.c
+ ar obj/lib/libjos.a
ar: creating obj/lib/libjos.a
+ cc[USER] user/hello.c
+ as[USER] lib/entry.S
+ ld obj/user/hello
+ cc[USER] user/buggyhello.c
+ ld obj/user/buggyhello
+ cc[USER] user/buggyhello2.c
+ ld obj/user/buggyhello2
+ cc[USER] user/evilhello.c
+ ld obj/user/evilhello
+ cc[USER] user/testbss.c
+ ld obj/user/testbss
+ cc[USER] user/divzero.c
+ ld obj/user/divzero
+ cc[USER] user/breakpoint.c
+ ld obj/user/breakpoint
+ cc[USER] user/softint.c
+ ld obj/user/softint
+ cc[USER] user/badsegment.c
+ ld obj/user/badsegment
+ cc[USER] user/faultread.c
+ ld obj/user/faultread
+ cc[USER] user/faultreadkernel.c
+ ld obj/user/faultreadkernel
+ cc[USER] user/faultwrite.c
+ ld obj/user/faultwrite
+ cc[USER] user/faultwritekernel.c
+ ld obj/user/faultwritekernel
+ ld obj/kern/kernel
ld: warning: section `.bss' type changed to PROGBITS
+ as boot/boot.S
+ cc -Os boot/main.c
+ ld boot/boot
boot block is 396 bytes (max 510)
+ mk obj/kern/kernel.img
make[1]: Leaving directory '/home/srz/pku_class/jos/lab'
divzero: OK (4.6s) 
softint: OK (3.1s) 
badsegment: 